#
# A fatal error has been detected by the Java Runtime Environment:
#
#  Internal Error (safepoint.cpp:919), pid=4489, tid=29703
#  fatal error: Illegal threadstate encountered: 4
#
# JRE version: OpenJDK Runtime Environment Temurin-11.0.14.1+1 (11.0.14.1+1) (build 11.0.14.1+1)
# Java VM: OpenJDK 64-Bit Server VM Temurin-11.0.14.1+1 (11.0.14.1+1, mixed mode, tiered, compressed oops, g1 gc, bsd-amd64)
# No core dump will be written. Core dumps have been disabled. To enable core dumping, try "ulimit -c unlimited" before starting Java again
#
# If you would like to submit a bug report, please visit:
#   https://github.com/adoptium/adoptium-support/issues
# The crash happened outside the Java Virtual Machine in native code.
# See problematic frame for where to report the bug.
#

---------------  S U M M A R Y ------------

Command Line: -Dfile.encoding=UTF-8 it.polito.tdp.PremierLeague.Main

Host: MacBookPro12,1 x86_64 2700 MHz, 4 cores, 8G, Darwin 21.3.0
Time: Sun Jul 10 18:42:54 2022 CEST elapsed time: 14.649476 seconds (0d 0h 0m 14s)

---------------  T H R E A D  ---------------

Current thread (0x00007f8bd8183800):  JavaThread "InvokeLaterDispatcher" daemon [_thread_in_native, id=29703, stack(0x0000700003a61000,0x0000700003b61000)]

Stack: [0x0000700003a61000,0x0000700003b61000],  sp=0x0000700003b5f2d0,  free space=1016k
Native frames: (J=compiled Java code, A=aot compiled Java code, j=interpreted, Vv=VM code, C=native code)
V  [libjvm.dylib+0x7c5ab3]  _ZN7VMError14report_and_dieEiPKcS1_P13__va_list_tagP6ThreadPhPvS7_S1_im+0x601
V  [libjvm.dylib+0x276985]  _Z12report_fatal11VMErrorTypePKciS1_z+0xc0
V  [libjvm.dylib+0x69bc15]  _ZN20SafepointSynchronize5blockEP10JavaThread+0x1d9
V  [libjvm.dylib+0x69d183]  _ZN18SafepointMechanism23block_if_requested_slowEP10JavaThread+0x1d
V  [libjvm.dylib+0x77e5c4]  _ZN10JavaThread44check_safepoint_and_suspend_for_native_transEPS_+0x9c
V  [libjvm.dylib+0x3f36ae]  jni_DeleteGlobalRef+0x93
C  [libglass.dylib+0x8871]  -[GlassRunnable dealloc]+0x31
C  [Foundation+0x80eab]  -[_NSThreadPerformInfo dealloc]+0x2a
C  [Foundation+0x4dcd7]  -[NSObject(NSThreadPerformAdditions) performSelectorOnMainThread:withObject:waitUntilDone:]+0x7c
j  com.sun.glass.ui.mac.MacApplication._submitForLaterInvocation(Ljava/lang/Runnable;)V+0
j  com.sun.glass.ui.mac.MacApplication.submitForLaterInvocation(Ljava/lang/Runnable;)V+2
j  com.sun.glass.ui.InvokeLaterDispatcher.run()V+82
v  ~StubRoutines::call_stub
V  [libjvm.dylib+0x3b7c22]  _ZN9JavaCalls11call_helperEP9JavaValueRK12methodHandleP17JavaCallArgumentsP6Thread+0x1fe
V  [libjvm.dylib+0x3b7088]  _ZN9JavaCalls12call_virtualEP9JavaValueP5KlassP6SymbolS5_P17JavaCallArgumentsP6Thread+0xee
V  [libjvm.dylib+0x3b7144]  _ZN9JavaCalls12call_virtualEP9JavaValue6HandleP5KlassP6SymbolS6_P6Thread+0x62
V  [libjvm.dylib+0x43dfce]  _ZL12thread_entryP10JavaThreadP6Thread+0x78
V  [libjvm.dylib+0x77d03c]  _ZN10JavaThread17thread_main_innerEv+0x82
V  [libjvm.dylib+0x77ce86]  _ZN10JavaThread3runEv+0x122
V  [libjvm.dylib+0x77ada0]  _ZN6Thread8call_runEv+0x68
V  [libjvm.dylib+0x6291d1]  _ZL19thread_native_entryP6Thread+0x139
C  [libsystem_pthread.dylib+0x64f4]  _pthread_start+0x7d
C  [libsystem_pthread.dylib+0x200f]  thread_start+0xf

Java frames: (J=compiled Java code, j=interpreted, Vv=VM code)
j  com.sun.glass.ui.mac.MacApplication._submitForLaterInvocation(Ljava/lang/Runnable;)V+0
j  com.sun.glass.ui.mac.MacApplication.submitForLaterInvocation(Ljava/lang/Runnable;)V+2
j  com.sun.glass.ui.InvokeLaterDispatcher.run()V+82
v  ~StubRoutines::call_stub

---------------  P R O C E S S  ---------------

Threads class SMR info:
_java_thread_list=0x0000600003718ce0, length=17, elements={
0x00007f8bd9009800, 0x00007f8bd8072000, 0x00007f8bd800f000, 0x00007f8bd7023000,
0x00007f8bd902c000, 0x00007f8bd9036800, 0x00007f8bd885c800, 0x00007f8bd885d000,
0x00007f8bd8886000, 0x00007f8bd8074000, 0x00007f8bd813b000, 0x00007f8bd8183800,
0x00007f8bd7081800, 0x00007f8bd9345800, 0x00007f8bd93b6000, 0x00007f8bd87fe800,
0x00007f8bdd069800
}

Java Threads: ( => current thread )
  0x00007f8bd9009800 JavaThread "main" [_thread_blocked, id=5891, stack(0x0000700002725000,0x0000700002825000)]
  0x00007f8bd8072000 JavaThread "Reference Handler" daemon [_thread_blocked, id=18179, stack(0x0000700002e3a000,0x0000700002f3a000)]
  0x00007f8bd800f000 JavaThread "Finalizer" daemon [_thread_blocked, id=17923, stack(0x0000700002f3d000,0x000070000303d000)]
  0x00007f8bd7023000 JavaThread "Signal Dispatcher" daemon [_thread_blocked, id=16643, stack(0x0000700003146000,0x0000700003246000)]
  0x00007f8bd902c000 JavaThread "Service Thread" daemon [_thread_blocked, id=22019, stack(0x0000700003249000,0x0000700003349000)]
  0x00007f8bd9036800 JavaThread "C2 CompilerThread0" daemon [_thread_blocked, id=43011, stack(0x000070000334c000,0x000070000344c000)]
  0x00007f8bd885c800 JavaThread "C1 CompilerThread0" daemon [_thread_blocked, id=22787, stack(0x000070000344f000,0x000070000354f000)]
  0x00007f8bd885d000 JavaThread "Sweeper thread" daemon [_thread_blocked, id=23043, stack(0x0000700003552000,0x0000700003652000)]
  0x00007f8bd8886000 JavaThread "Common-Cleaner" daemon [_thread_blocked, id=23811, stack(0x0000700003758000,0x0000700003858000)]
  0x00007f8bd8074000 JavaThread "JavaFX-Launcher" [_thread_blocked, id=24323, stack(0x000070000385b000,0x000070000395b000)]
  0x00007f8bd813b000 JavaThread "QuantumRenderer-0" daemon [_thread_blocked, id=40963, stack(0x000070000395e000,0x0000700003a5e000)]
=>0x00007f8bd8183800 JavaThread "InvokeLaterDispatcher" daemon [_thread_in_native, id=29703, stack(0x0000700003a61000,0x0000700003b61000)]
  0x00007f8bd7081800 JavaThread "JavaFX Application Thread" [_thread_in_native_trans, id=259, stack(0x00007ff7bc736000,0x00007ff7bcf36000)]
  0x00007f8bd9345800 JavaThread "Thread-3" daemon [_thread_in_native, id=84751, stack(0x0000700003b64000,0x0000700003be4000)]
  0x00007f8bd93b6000 JavaThread "HikariPool-1 housekeeper" daemon [_thread_blocked, id=54531, stack(0x0000700003ff6000,0x00007000040f6000)]
  0x00007f8bd87fe800 JavaThread "Prism Font Disposer" daemon [_thread_blocked, id=75551, stack(0x00007000041fc000,0x00007000042fc000)]
  0x00007f8bdd069800 JavaThread "Cleaner-0" daemon [_thread_blocked, id=68875, stack(0x0000700004382000,0x0000700004482000)]

Other Threads:
  0x00007f8bd7024800 VMThread "VM Thread" [stack: 0x0000700002d37000,0x0000700002e37000] [id=13571]
  0x00007f8bd9084000 WatcherThread [stack: 0x0000700003655000,0x0000700003755000] [id=41987]
  0x00007f8bd800b000 GCTaskThread "GC Thread#0" [stack: 0x0000700002828000,0x0000700002928000] [id=11779]
  0x00007f8bd8323800 GCTaskThread "GC Thread#1" [stack: 0x0000700003ced000,0x0000700003ded000] [id=53251]
  0x00007f8bd8324800 GCTaskThread "GC Thread#2" [stack: 0x0000700003df0000,0x0000700003ef0000] [id=53507]
  0x00007f8bd8347000 GCTaskThread "GC Thread#3" [stack: 0x0000700003ef3000,0x0000700003ff3000] [id=53763]
  0x00007f8bd8037000 ConcurrentGCThread "G1 Main Marker" [stack: 0x000070000292b000,0x0000700002a2b000] [id=20739]
  0x00007f8bd8037800 ConcurrentGCThread "G1 Conc#0" [stack: 0x0000700002a2e000,0x0000700002b2e000] [id=12035]
  0x00007f8bd8859000 ConcurrentGCThread "G1 Refine#0" [stack: 0x0000700002b31000,0x0000700002c31000] [id=12547]
  0x00007f8bd8859800 ConcurrentGCThread "G1 Young RemSet Sampling" [stack: 0x0000700002c34000,0x0000700002d34000] [id=19459]

Threads with active compile tasks:

VM state:not at safepoint (normal execution)

VM Mutex/Monitor currently owned by a thread: None

Heap address: 0x0000000780000000, size: 2048 MB, Compressed Oops mode: Zero based, Oop shift amount: 3
Narrow klass base: 0x0000000800000000, Narrow klass shift: 0
Compressed class space size: 1073741824 Address: 0x0000000800000000

Heap:
 garbage-first heap   total 131072K, used 23412K [0x0000000780000000, 0x0000000800000000)
  region size 1024K, 15 young (15360K), 5 survivors (5120K)
 Metaspace       used 30513K, capacity 31706K, committed 32000K, reserved 1077248K
  class space    used 3758K, capacity 4277K, committed 4352K, reserved 1048576K
Heap Regions: E=young(eden), S=young(survivor), O=old, HS=humongous(starts), HC=humongous(continues), CS=collection set, F=free, A=archive, TAMS=top-at-mark-start (previous, next)
|   0|0x0000000780000000, 0x0000000780100000, 0x0000000780100000|100%| O|  |TAMS 0x0000000780100000, 0x0000000780000000| Untracked 
|   1|0x0000000780100000, 0x0000000780200000, 0x0000000780200000|100%| O|  |TAMS 0x0000000780200000, 0x0000000780100000| Untracked 
|   2|0x0000000780200000, 0x0000000780300000, 0x0000000780300000|100%| O|  |TAMS 0x00000007802d8600, 0x0000000780200000| Untracked 
|   3|0x0000000780300000, 0x0000000780300000, 0x0000000780400000|  0%| F|  |TAMS 0x0000000780300000, 0x0000000780300000| Untracked 
|   4|0x0000000780400000, 0x0000000780400000, 0x0000000780500000|  0%| F|  |TAMS 0x0000000780400000, 0x0000000780400000| Untracked 
|   5|0x0000000780500000, 0x0000000780600000, 0x0000000780600000|100%|HS|  |TAMS 0x0000000780500000, 0x0000000780500000| Complete 
|   6|0x0000000780600000, 0x0000000780700000, 0x0000000780700000|100%|HC|  |TAMS 0x0000000780600000, 0x0000000780600000| Complete 
|   7|0x0000000780700000, 0x0000000780800000, 0x0000000780800000|100%|HS|  |TAMS 0x0000000780700000, 0x0000000780700000| Complete 
|   8|0x0000000780800000, 0x0000000780900000, 0x0000000780900000|100%|HC|  |TAMS 0x0000000780800000, 0x0000000780800000| Complete 
|   9|0x0000000780900000, 0x0000000780a00000, 0x0000000780a00000|100%| O|  |TAMS 0x0000000780900000, 0x0000000780900000| Untracked 
|  10|0x0000000780a00000, 0x0000000780add200, 0x0000000780b00000| 86%| O|  |TAMS 0x0000000780a00000, 0x0000000780a00000| Untracked 
|  11|0x0000000780b00000, 0x0000000780b00000, 0x0000000780c00000|  0%| F|  |TAMS 0x0000000780b00000, 0x0000000780b00000| Untracked 
|  12|0x0000000780c00000, 0x0000000780c00000, 0x0000000780d00000|  0%| F|  |TAMS 0x0000000780c00000, 0x0000000780c00000| Untracked 
|  13|0x0000000780d00000, 0x0000000780d00000, 0x0000000780e00000|  0%| F|  |TAMS 0x0000000780d00000, 0x0000000780d00000| Untracked 
|  14|0x0000000780e00000, 0x0000000780e00000, 0x0000000780f00000|  0%| F|  |TAMS 0x0000000780e00000, 0x0000000780e00000| Untracked 
|  15|0x0000000780f00000, 0x0000000780f00000, 0x0000000781000000|  0%| F|  |TAMS 0x0000000780f00000, 0x0000000780f00000| Untracked 
|  16|0x0000000781000000, 0x0000000781000000, 0x0000000781100000|  0%| F|  |TAMS 0x0000000781000000, 0x0000000781000000| Untracked 
|  17|0x0000000781100000, 0x0000000781100000, 0x0000000781200000|  0%| F|  |TAMS 0x0000000781100000, 0x0000000781100000| Untracked 
|  18|0x0000000781200000, 0x0000000781200000, 0x0000000781300000|  0%| F|  |TAMS 0x0000000781200000, 0x0000000781200000| Untracked 
|  19|0x0000000781300000, 0x0000000781300000, 0x0000000781400000|  0%| F|  |TAMS 0x0000000781300000, 0x0000000781300000| Untracked 
|  20|0x0000000781400000, 0x0000000781400000, 0x0000000781500000|  0%| F|  |TAMS 0x0000000781400000, 0x0000000781400000| Untracked 
|  21|0x0000000781500000, 0x0000000781500000, 0x0000000781600000|  0%| F|  |TAMS 0x0000000781500000, 0x0000000781500000| Untracked 
|  22|0x0000000781600000, 0x0000000781600000, 0x0000000781700000|  0%| F|  |TAMS 0x0000000781600000, 0x0000000781600000| Untracked 
|  23|0x0000000781700000, 0x0000000781700000, 0x0000000781800000|  0%| F|  |TAMS 0x0000000781700000, 0x0000000781700000| Untracked 
|  24|0x0000000781800000, 0x0000000781800000, 0x0000000781900000|  0%| F|  |TAMS 0x0000000781800000, 0x0000000781800000| Untracked 
|  25|0x0000000781900000, 0x0000000781900000, 0x0000000781a00000|  0%| F|  |TAMS 0x0000000781900000, 0x0000000781900000| Untracked 
|  26|0x0000000781a00000, 0x0000000781a00000, 0x0000000781b00000|  0%| F|  |TAMS 0x0000000781a00000, 0x0000000781a00000| Untracked 
|  27|0x0000000781b00000, 0x0000000781b00000, 0x0000000781c00000|  0%| F|  |TAMS 0x0000000781b00000, 0x0000000781b00000| Untracked 
|  28|0x0000000781c00000, 0x0000000781c00000, 0x0000000781d00000|  0%| F|  |TAMS 0x0000000781c00000, 0x0000000781c00000| Untracked 
|  29|0x0000000781d00000, 0x0000000781d00000, 0x0000000781e00000|  0%| F|  |TAMS 0x0000000781d00000, 0x0000000781d00000| Untracked 
|  30|0x0000000781e00000, 0x0000000781e00000, 0x0000000781f00000|  0%| F|  |TAMS 0x0000000781e00000, 0x0000000781e00000| Untracked 
|  31|0x0000000781f00000, 0x0000000781f00000, 0x0000000782000000|  0%| F|  |TAMS 0x0000000781f00000, 0x0000000781f00000| Untracked 
|  32|0x0000000782000000, 0x0000000782000000, 0x0000000782100000|  0%| F|  |TAMS 0x0000000782000000, 0x0000000782000000| Untracked 
|  33|0x0000000782100000, 0x0000000782100000, 0x0000000782200000|  0%| F|  |TAMS 0x0000000782100000, 0x0000000782100000| Untracked 
|  34|0x0000000782200000, 0x0000000782200000, 0x0000000782300000|  0%| F|  |TAMS 0x0000000782200000, 0x0000000782200000| Untracked 
|  35|0x0000000782300000, 0x0000000782300000, 0x0000000782400000|  0%| F|  |TAMS 0x0000000782300000, 0x0000000782300000| Untracked 
|  36|0x0000000782400000, 0x0000000782400000, 0x0000000782500000|  0%| F|  |TAMS 0x0000000782400000, 0x0000000782400000| Untracked 
|  37|0x0000000782500000, 0x0000000782500000, 0x0000000782600000|  0%| F|  |TAMS 0x0000000782500000, 0x0000000782500000| Untracked 
|  38|0x0000000782600000, 0x0000000782600000, 0x0000000782700000|  0%| F|  |TAMS 0x0000000782600000, 0x0000000782600000| Untracked 
|  39|0x0000000782700000, 0x0000000782700000, 0x0000000782800000|  0%| F|  |TAMS 0x0000000782700000, 0x0000000782700000| Untracked 
|  40|0x0000000782800000, 0x0000000782800000, 0x0000000782900000|  0%| F|  |TAMS 0x0000000782800000, 0x0000000782800000| Untracked 
|  41|0x0000000782900000, 0x0000000782900000, 0x0000000782a00000|  0%| F|  |TAMS 0x0000000782900000, 0x0000000782900000| Untracked 
|  42|0x0000000782a00000, 0x0000000782a00000, 0x0000000782b00000|  0%| F|  |TAMS 0x0000000782a00000, 0x0000000782a00000| Untracked 
|  43|0x0000000782b00000, 0x0000000782b00000, 0x0000000782c00000|  0%| F|  |TAMS 0x0000000782b00000, 0x0000000782b00000| Untracked 
|  44|0x0000000782c00000, 0x0000000782c00000, 0x0000000782d00000|  0%| F|  |TAMS 0x0000000782c00000, 0x0000000782c00000| Untracked 
|  45|0x0000000782d00000, 0x0000000782d00000, 0x0000000782e00000|  0%| F|  |TAMS 0x0000000782d00000, 0x0000000782d00000| Untracked 
|  46|0x0000000782e00000, 0x0000000782e00000, 0x0000000782f00000|  0%| F|  |TAMS 0x0000000782e00000, 0x0000000782e00000| Untracked 
|  47|0x0000000782f00000, 0x0000000782f00000, 0x0000000783000000|  0%| F|  |TAMS 0x0000000782f00000, 0x0000000782f00000| Untracked 
|  48|0x0000000783000000, 0x0000000783000000, 0x0000000783100000|  0%| F|  |TAMS 0x0000000783000000, 0x0000000783000000| Untracked 
|  49|0x0000000783100000, 0x0000000783100000, 0x0000000783200000|  0%| F|  |TAMS 0x0000000783100000, 0x0000000783100000| Untracked 
|  50|0x0000000783200000, 0x0000000783200000, 0x0000000783300000|  0%| F|  |TAMS 0x0000000783200000, 0x0000000783200000| Untracked 
|  51|0x0000000783300000, 0x0000000783300000, 0x0000000783400000|  0%| F|  |TAMS 0x0000000783300000, 0x0000000783300000| Untracked 
|  52|0x0000000783400000, 0x0000000783400000, 0x0000000783500000|  0%| F|  |TAMS 0x0000000783400000, 0x0000000783400000| Untracked 
|  53|0x0000000783500000, 0x0000000783500000, 0x0000000783600000|  0%| F|  |TAMS 0x0000000783500000, 0x0000000783500000| Untracked 
|  54|0x0000000783600000, 0x0000000783600000, 0x0000000783700000|  0%| F|  |TAMS 0x0000000783600000, 0x0000000783600000| Untracked 
|  55|0x0000000783700000, 0x0000000783700000, 0x0000000783800000|  0%| F|  |TAMS 0x0000000783700000, 0x0000000783700000| Untracked 
|  56|0x0000000783800000, 0x0000000783800000, 0x0000000783900000|  0%| F|  |TAMS 0x0000000783800000, 0x0000000783800000| Untracked 
|  57|0x0000000783900000, 0x0000000783900000, 0x0000000783a00000|  0%| F|  |TAMS 0x0000000783900000, 0x0000000783900000| Untracked 
|  58|0x0000000783a00000, 0x0000000783a00000, 0x0000000783b00000|  0%| F|  |TAMS 0x0000000783a00000, 0x0000000783a00000| Untracked 
|  59|0x0000000783b00000, 0x0000000783b00000, 0x0000000783c00000|  0%| F|  |TAMS 0x0000000783b00000, 0x0000000783b00000| Untracked 
|  60|0x0000000783c00000, 0x0000000783c00000, 0x0000000783d00000|  0%| F|  |TAMS 0x0000000783c00000, 0x0000000783c00000| Untracked 
|  61|0x0000000783d00000, 0x0000000783d00000, 0x0000000783e00000|  0%| F|  |TAMS 0x0000000783d00000, 0x0000000783d00000| Untracked 
|  62|0x0000000783e00000, 0x0000000783e00000, 0x0000000783f00000|  0%| F|  |TAMS 0x0000000783e00000, 0x0000000783e00000| Untracked 
|  63|0x0000000783f00000, 0x0000000783f00000, 0x0000000784000000|  0%| F|  |TAMS 0x0000000783f00000, 0x0000000783f00000| Untracked 
|  64|0x0000000784000000, 0x0000000784000000, 0x0000000784100000|  0%| F|  |TAMS 0x0000000784000000, 0x0000000784000000| Untracked 
|  65|0x0000000784100000, 0x0000000784100000, 0x0000000784200000|  0%| F|  |TAMS 0x0000000784100000, 0x0000000784100000| Untracked 
|  66|0x0000000784200000, 0x0000000784200000, 0x0000000784300000|  0%| F|  |TAMS 0x0000000784200000, 0x0000000784200000| Untracked 
|  67|0x0000000784300000, 0x0000000784300000, 0x0000000784400000|  0%| F|  |TAMS 0x0000000784300000, 0x0000000784300000| Untracked 
|  68|0x0000000784400000, 0x0000000784400000, 0x0000000784500000|  0%| F|  |TAMS 0x0000000784400000, 0x0000000784400000| Untracked 
|  69|0x0000000784500000, 0x0000000784500000, 0x0000000784600000|  0%| F|  |TAMS 0x0000000784500000, 0x0000000784500000| Untracked 
|  70|0x0000000784600000, 0x0000000784600000, 0x0000000784700000|  0%| F|  |TAMS 0x0000000784600000, 0x0000000784600000| Untracked 
|  71|0x0000000784700000, 0x0000000784700000, 0x0000000784800000|  0%| F|  |TAMS 0x0000000784700000, 0x0000000784700000| Untracked 
|  72|0x0000000784800000, 0x0000000784800000, 0x0000000784900000|  0%| F|  |TAMS 0x0000000784800000, 0x0000000784800000| Untracked 
|  73|0x0000000784900000, 0x0000000784900000, 0x0000000784a00000|  0%| F|  |TAMS 0x0000000784900000, 0x0000000784900000| Untracked 
|  74|0x0000000784a00000, 0x0000000784a00000, 0x0000000784b00000|  0%| F|  |TAMS 0x0000000784a00000, 0x0000000784a00000| Untracked 
|  75|0x0000000784b00000, 0x0000000784b00000, 0x0000000784c00000|  0%| F|  |TAMS 0x0000000784b00000, 0x0000000784b00000| Untracked 
|  76|0x0000000784c00000, 0x0000000784c00000, 0x0000000784d00000|  0%| F|  |TAMS 0x0000000784c00000, 0x0000000784c00000| Untracked 
|  77|0x0000000784d00000, 0x0000000784d00000, 0x0000000784e00000|  0%| F|  |TAMS 0x0000000784d00000, 0x0000000784d00000| Untracked 
|  78|0x0000000784e00000, 0x0000000784e00000, 0x0000000784f00000|  0%| F|  |TAMS 0x0000000784e00000, 0x0000000784e00000| Untracked 
|  79|0x0000000784f00000, 0x0000000784f00000, 0x0000000785000000|  0%| F|  |TAMS 0x0000000784f00000, 0x0000000784f00000| Untracked 
|  80|0x0000000785000000, 0x0000000785000000, 0x0000000785100000|  0%| F|  |TAMS 0x0000000785000000, 0x0000000785000000| Untracked 
|  81|0x0000000785100000, 0x0000000785100000, 0x0000000785200000|  0%| F|  |TAMS 0x0000000785100000, 0x0000000785100000| Untracked 
|  82|0x0000000785200000, 0x0000000785200000, 0x0000000785300000|  0%| F|  |TAMS 0x0000000785200000, 0x0000000785200000| Untracked 
|  83|0x0000000785300000, 0x0000000785300000, 0x0000000785400000|  0%| F|  |TAMS 0x0000000785300000, 0x0000000785300000| Untracked 
|  84|0x0000000785400000, 0x0000000785400000, 0x0000000785500000|  0%| F|  |TAMS 0x0000000785400000, 0x0000000785400000| Untracked 
|  85|0x0000000785500000, 0x0000000785500000, 0x0000000785600000|  0%| F|  |TAMS 0x0000000785500000, 0x0000000785500000| Untracked 
|  86|0x0000000785600000, 0x0000000785600000, 0x0000000785700000|  0%| F|  |TAMS 0x0000000785600000, 0x0000000785600000| Untracked 
|  87|0x0000000785700000, 0x0000000785700000, 0x0000000785800000|  0%| F|  |TAMS 0x0000000785700000, 0x0000000785700000| Untracked 
|  88|0x0000000785800000, 0x0000000785900000, 0x0000000785900000|100%| S|CS|TAMS 0x0000000785800000, 0x0000000785800000| Complete 
|  89|0x0000000785900000, 0x0000000785a00000, 0x0000000785a00000|100%| S|CS|TAMS 0x0000000785900000, 0x0000000785900000| Complete 
|  90|0x0000000785a00000, 0x0000000785b00000, 0x0000000785b00000|100%| S|CS|TAMS 0x0000000785a00000, 0x0000000785a00000| Complete 
|  91|0x0000000785b00000, 0x0000000785c00000, 0x0000000785c00000|100%| S|CS|TAMS 0x0000000785b00000, 0x0000000785b00000| Complete 
|  92|0x0000000785c00000, 0x0000000785d00000, 0x0000000785d00000|100%| S|CS|TAMS 0x0000000785c00000, 0x0000000785c00000| Complete 
|  93|0x0000000785d00000, 0x0000000785d00000, 0x0000000785e00000|  0%| F|  |TAMS 0x0000000785d00000, 0x0000000785d00000| Untracked 
|  94|0x0000000785e00000, 0x0000000785e00000, 0x0000000785f00000|  0%| F|  |TAMS 0x0000000785e00000, 0x0000000785e00000| Untracked 
|  95|0x0000000785f00000, 0x0000000785f00000, 0x0000000786000000|  0%| F|  |TAMS 0x0000000785f00000, 0x0000000785f00000| Untracked 
|  96|0x0000000786000000, 0x0000000786000000, 0x0000000786100000|  0%| F|  |TAMS 0x0000000786000000, 0x0000000786000000| Untracked 
|  97|0x0000000786100000, 0x0000000786100000, 0x0000000786200000|  0%| F|  |TAMS 0x0000000786100000, 0x0000000786100000| Untracked 
|  98|0x0000000786200000, 0x0000000786200000, 0x0000000786300000|  0%| F|  |TAMS 0x0000000786200000, 0x0000000786200000| Untracked 
|  99|0x0000000786300000, 0x0000000786300000, 0x0000000786400000|  0%| F|  |TAMS 0x0000000786300000, 0x0000000786300000| Untracked 
| 100|0x0000000786400000, 0x0000000786400000, 0x0000000786500000|  0%| F|  |TAMS 0x0000000786400000, 0x0000000786400000| Untracked 
| 101|0x0000000786500000, 0x0000000786500000, 0x0000000786600000|  0%| F|  |TAMS 0x0000000786500000, 0x0000000786500000| Untracked 
| 102|0x0000000786600000, 0x0000000786600000, 0x0000000786700000|  0%| F|  |TAMS 0x0000000786600000, 0x0000000786600000| Untracked 
| 103|0x0000000786700000, 0x0000000786700000, 0x0000000786800000|  0%| F|  |TAMS 0x0000000786700000, 0x0000000786700000| Untracked 
| 104|0x0000000786800000, 0x0000000786800000, 0x0000000786900000|  0%| F|  |TAMS 0x0000000786800000, 0x0000000786800000| Untracked 
| 105|0x0000000786900000, 0x0000000786900000, 0x0000000786a00000|  0%| F|  |TAMS 0x0000000786900000, 0x0000000786900000| Untracked 
| 106|0x0000000786a00000, 0x0000000786a00000, 0x0000000786b00000|  0%| F|  |TAMS 0x0000000786a00000, 0x0000000786a00000| Untracked 
| 107|0x0000000786b00000, 0x0000000786b00000, 0x0000000786c00000|  0%| F|  |TAMS 0x0000000786b00000, 0x0000000786b00000| Untracked 
| 108|0x0000000786c00000, 0x0000000786c00000, 0x0000000786d00000|  0%| F|  |TAMS 0x0000000786c00000, 0x0000000786c00000| Untracked 
| 109|0x0000000786d00000, 0x0000000786d00000, 0x0000000786e00000|  0%| F|  |TAMS 0x0000000786d00000, 0x0000000786d00000| Untracked 
| 110|0x0000000786e00000, 0x0000000786e00000, 0x0000000786f00000|  0%| F|  |TAMS 0x0000000786e00000, 0x0000000786e00000| Untracked 
| 111|0x0000000786f00000, 0x0000000786f00000, 0x0000000787000000|  0%| F|  |TAMS 0x0000000786f00000, 0x0000000786f00000| Untracked 
| 112|0x0000000787000000, 0x0000000787000000, 0x0000000787100000|  0%| F|  |TAMS 0x0000000787000000, 0x0000000787000000| Untracked 
| 113|0x0000000787100000, 0x0000000787100000, 0x0000000787200000|  0%| F|  |TAMS 0x0000000787100000, 0x0000000787100000| Untracked 
| 114|0x0000000787200000, 0x0000000787200000, 0x0000000787300000|  0%| F|  |TAMS 0x0000000787200000, 0x0000000787200000| Untracked 
| 115|0x0000000787300000, 0x0000000787300000, 0x0000000787400000|  0%| F|  |TAMS 0x0000000787300000, 0x0000000787300000| Untracked 
| 116|0x0000000787400000, 0x0000000787400000, 0x0000000787500000|  0%| F|  |TAMS 0x0000000787400000, 0x0000000787400000| Untracked 
| 117|0x0000000787500000, 0x0000000787500000, 0x0000000787600000|  0%| F|  |TAMS 0x0000000787500000, 0x0000000787500000| Untracked 
| 118|0x0000000787600000, 0x0000000787680800, 0x0000000787700000| 50%| E|  |TAMS 0x0000000787600000, 0x0000000787600000| Complete 
| 119|0x0000000787700000, 0x0000000787800000, 0x0000000787800000|100%| E|CS|TAMS 0x0000000787700000, 0x0000000787700000| Complete 
| 120|0x0000000787800000, 0x0000000787900000, 0x0000000787900000|100%| E|CS|TAMS 0x0000000787800000, 0x0000000787800000| Complete 
| 121|0x0000000787900000, 0x0000000787a00000, 0x0000000787a00000|100%| E|CS|TAMS 0x0000000787900000, 0x0000000787900000| Complete 
| 122|0x0000000787a00000, 0x0000000787b00000, 0x0000000787b00000|100%| E|CS|TAMS 0x0000000787a00000, 0x0000000787a00000| Complete 
| 123|0x0000000787b00000, 0x0000000787c00000, 0x0000000787c00000|100%| E|CS|TAMS 0x0000000787b00000, 0x0000000787b00000| Complete 
| 124|0x0000000787c00000, 0x0000000787d00000, 0x0000000787d00000|100%| E|CS|TAMS 0x0000000787c00000, 0x0000000787c00000| Complete 
| 125|0x0000000787d00000, 0x0000000787e00000, 0x0000000787e00000|100%| E|CS|TAMS 0x0000000787d00000, 0x0000000787d00000| Complete 
| 126|0x0000000787e00000, 0x0000000787f00000, 0x0000000787f00000|100%| E|CS|TAMS 0x0000000787e00000, 0x0000000787e00000| Complete 
| 127|0x0000000787f00000, 0x0000000788000000, 0x0000000788000000|100%| E|CS|TAMS 0x0000000787f00000, 0x0000000787f00000| Complete 

Card table byte_map: [0x0000000103798000,0x0000000103b98000] _byte_map_base: 0x00000000ffb98000

Marking Bits (Prev, Next): (CMBitMap*) 0x00007f8bd802e250, (CMBitMap*) 0x00007f8bd802e218
 Prev Bits: [0x000000010f7cb000, 0x00000001117cb000)
 Next Bits: [0x000000010d7cb000, 0x000000010f7cb000)

Polling page: 0x0000000103109000

Metaspace:

Usage:
  Non-class:     26.79 MB capacity,    26.13 MB ( 98%) used,   534.53 KB (  2%) free+waste,   139.50 KB ( <1%) overhead. 
      Class:      4.18 MB capacity,     3.67 MB ( 88%) used,   448.39 KB ( 10%) free+waste,    70.12 KB (  2%) overhead. 
       Both:     30.96 MB capacity,    29.80 MB ( 96%) used,   982.92 KB (  3%) free+waste,   209.62 KB ( <1%) overhead. 

Virtual space:
  Non-class space:       28.00 MB reserved,      27.00 MB ( 96%) committed 
      Class space:        1.00 GB reserved,       4.25 MB ( <1%) committed 
             Both:        1.03 GB reserved,      31.25 MB (  3%) committed 

Chunk freelists:
   Non-Class:  11.00 KB
       Class:  11.00 KB
        Both:  22.00 KB

MaxMetaspaceSize: unlimited
CompressedClassSpaceSize: 1.00 GB
Initial GC threshold: 20.80 MB
Current GC threshold: 35.00 MB
CDS: off

CodeHeap 'non-profiled nmethods': size=120032Kb used=1471Kb max_used=1471Kb free=118560Kb
 bounds [0x0000000119b36000, 0x0000000119da6000, 0x000000012106e000]
CodeHeap 'profiled nmethods': size=120032Kb used=6923Kb max_used=6923Kb free=113108Kb
 bounds [0x00000001125fe000, 0x0000000112cce000, 0x0000000119b36000]
CodeHeap 'non-nmethods': size=5696Kb used=1466Kb max_used=1538Kb free=4229Kb
 bounds [0x000000011206e000, 0x00000001122de000, 0x00000001125fe000]
 total_blobs=4519 nmethods=3701 adapters=731
 compilation: enabled
              stopped_count=0, restarted_count=0
 full_count=0

Compilation events (20 events):
Event: 8.523 Thread 0x00007f8bd885c800 3728       3       com.sun.javafx.scene.EnteredExitedHandler::dispatchBubblingEvent (204 bytes)
Event: 8.525 Thread 0x00007f8bd885c800 nmethod 3728 0x0000000112cb8910 code [0x0000000112cb8d00, 0x0000000112cbb2f0]
Event: 9.021 Thread 0x00007f8bd885c800 3729   !   3       com.sun.javafx.event.EventQueue::fire (66 bytes)
Event: 9.022 Thread 0x00007f8bd885c800 nmethod 3729 0x0000000112cbbb10 code [0x0000000112cbbd60, 0x0000000112cbc5a0]
Event: 9.753 Thread 0x00007f8bd885c800 3730       3       com.sun.glass.ui.TouchInputSupport::notifyNextTouchEvent (115 bytes)
Event: 9.754 Thread 0x00007f8bd885c800 nmethod 3730 0x0000000112cbc990 code [0x0000000112cbcba0, 0x0000000112cbd2b0]
Event: 9.754 Thread 0x00007f8bd885c800 3731       3       com.sun.glass.ui.TouchInputSupport::notifyEndTouchEvent (64 bytes)
Event: 9.755 Thread 0x00007f8bd885c800 nmethod 3731 0x0000000112cbd510 code [0x0000000112cbd720, 0x0000000112cbdd70]
Event: 14.620 Thread 0x00007f8bd9036800 3735       4       com.sun.javafx.collections.VetoableListDecorator::size (10 bytes)
Event: 14.624 Thread 0x00007f8bd9036800 nmethod 3735 0x0000000119ca5010 code [0x0000000119ca51c0, 0x0000000119ca5278]
Event: 14.624 Thread 0x00007f8bd9036800 3738       4       com.sun.prism.impl.VertexBuffer::addVertNoCheck (102 bytes)
Event: 14.633 Thread 0x00007f8bd885c800 3734       3       javafx.scene.layout.Region::snapSpace (14 bytes)
Event: 14.633 Thread 0x00007f8bd885c800 nmethod 3734 0x0000000112cbdf90 code [0x0000000112cbe160, 0x0000000112cbe320]
Event: 14.633 Thread 0x00007f8bd885c800 3733       3       javafx.scene.layout.GridPane$CompositeSize::access$900 (6 bytes)
Event: 14.634 Thread 0x00007f8bd885c800 nmethod 3733 0x0000000112cbe410 code [0x0000000112cbe5c0, 0x0000000112cbe730]
Event: 14.634 Thread 0x00007f8bd885c800 3737       3       com.sun.javafx.geom.BoxBounds::flattenInto (46 bytes)
Event: 14.634 Thread 0x00007f8bd885c800 nmethod 3737 0x0000000112cbe890 code [0x0000000112cbea80, 0x0000000112cbef20]
Event: 14.634 Thread 0x00007f8bd885c800 3736       3       com.sun.javafx.geom.RectBounds::intersects (98 bytes)
Event: 14.635 Thread 0x00007f8bd885c800 nmethod 3736 0x0000000112cbf110 code [0x0000000112cbf360, 0x0000000112cbff00]
Event: 14.635 Thread 0x00007f8bd885c800 3732       3       javafx.scene.layout.Region::snapSpaceX (17 bytes)

GC Heap History (8 events):
Event: 1.417 GC heap before
{Heap before GC invocations=0 (full 0):
 garbage-first heap   total 131072K, used 13312K [0x0000000780000000, 0x0000000800000000)
  region size 1024K, 14 young (14336K), 0 survivors (0K)
 Metaspace       used 10304K, capacity 10641K, committed 11008K, reserved 1058816K
  class space    used 1030K, capacity 1170K, committed 1280K, reserved 1048576K
}
Event: 1.426 GC heap after
{Heap after GC invocations=1 (full 0):
 garbage-first heap   total 131072K, used 2782K [0x0000000780000000, 0x0000000800000000)
  region size 1024K, 2 young (2048K), 2 survivors (2048K)
 Metaspace       used 10304K, capacity 10641K, committed 11008K, reserved 1058816K
  class space    used 1030K, capacity 1170K, committed 1280K, reserved 1048576K
}
Event: 1.971 GC heap before
{Heap before GC invocations=1 (full 0):
 garbage-first heap   total 131072K, used 14046K [0x0000000780000000, 0x0000000800000000)
  region size 1024K, 13 young (13312K), 2 survivors (2048K)
 Metaspace       used 15711K, capacity 16217K, committed 16512K, reserved 1064960K
  class space    used 1675K, capacity 1860K, committed 1920K, reserved 1048576K
}
Event: 1.977 GC heap after
{Heap after GC invocations=2 (full 0):
 garbage-first heap   total 131072K, used 4961K [0x0000000780000000, 0x0000000800000000)
  region size 1024K, 2 young (2048K), 2 survivors (2048K)
 Metaspace       used 15711K, capacity 16217K, committed 16512K, reserved 1064960K
  class space    used 1675K, capacity 1860K, committed 1920K, reserved 1048576K
}
Event: 2.376 GC heap before
{Heap before GC invocations=2 (full 0):
 garbage-first heap   total 131072K, used 15201K [0x0000000780000000, 0x0000000800000000)
  region size 1024K, 13 young (13312K), 2 survivors (2048K)
 Metaspace       used 20475K, capacity 21057K, committed 21248K, reserved 1069056K
  class space    used 2282K, capacity 2517K, committed 2560K, reserved 1048576K
}
Event: 2.384 GC heap after
{Heap after GC invocations=3 (full 0):
 garbage-first heap   total 131072K, used 6720K [0x0000000780000000, 0x0000000800000000)
  region size 1024K, 4 young (4096K), 4 survivors (4096K)
 Metaspace       used 20475K, capacity 21057K, committed 21248K, reserved 1069056K
  class space    used 2282K, capacity 2517K, committed 2560K, reserved 1048576K
}
Event: 4.520 GC heap before
{Heap before GC invocations=4 (full 0):
 garbage-first heap   total 131072K, used 43584K [0x0000000780000000, 0x0000000800000000)
  region size 1024K, 35 young (35840K), 4 survivors (4096K)
 Metaspace       used 29384K, capacity 30547K, committed 30592K, reserved 1075200K
  class space    used 3711K, capacity 4219K, committed 4224K, reserved 1048576K
}
Event: 4.532 GC heap after
{Heap after GC invocations=5 (full 0):
 garbage-first heap   total 131072K, used 14196K [0x0000000780000000, 0x0000000800000000)
  region size 1024K, 5 young (5120K), 5 survivors (5120K)
 Metaspace       used 29384K, capacity 30547K, committed 30592K, reserved 1075200K
  class space    used 3711K, capacity 4219K, committed 4224K, reserved 1048576K
}

Deoptimization events (20 events):
Event: 7.632 Thread 0x00007f8bd7081800 Uncommon trap: trap_request=0xffffff4d fr.pc=0x0000000119c2dc28 relative=0x0000000000000448
Event: 7.632 Thread 0x00007f8bd7081800 Uncommon trap: reason=unstable_if action=reinterpret pc=0x0000000119c2dc28 method=com.sun.javafx.text.ScriptMapper.getScript(I)I @ 62 c2
Event: 7.632 Thread 0x00007f8bd7081800 DEOPT PACKING pc=0x0000000119c2dc28 sp=0x00007ff7bcf2ad40
Event: 7.632 Thread 0x00007f8bd7081800 DEOPT UNPACKING pc=0x00000001120b7ea5 sp=0x00007ff7bcf2ace0 mode 2
Event: 7.632 Thread 0x00007f8bd7081800 Uncommon trap: trap_request=0xffffff4d fr.pc=0x0000000119c30cd4 relative=0x0000000000000034
Event: 7.632 Thread 0x00007f8bd7081800 Uncommon trap: reason=unstable_if action=reinterpret pc=0x0000000119c30cd4 method=com.sun.javafx.text.ScriptMapper.isComplexCharCode(I)Z @ 4 c2
Event: 7.632 Thread 0x00007f8bd7081800 DEOPT PACKING pc=0x0000000119c30cd4 sp=0x00007ff7bcf2ad50
Event: 7.632 Thread 0x00007f8bd7081800 DEOPT UNPACKING pc=0x00000001120b7ea5 sp=0x00007ff7bcf2ad00 mode 2
Event: 7.633 Thread 0x00007f8bd7081800 Uncommon trap: trap_request=0xffffff45 fr.pc=0x0000000119c30954 relative=0x00000000000000b4
Event: 7.633 Thread 0x00007f8bd7081800 Uncommon trap: reason=unstable_fused_if action=reinterpret pc=0x0000000119c30954 method=com.sun.javafx.font.CompositeGlyphMapper.getAsciiGlyphCode(I)I @ 10 c2
Event: 7.633 Thread 0x00007f8bd7081800 DEOPT PACKING pc=0x0000000119c30954 sp=0x00007ff7bcf2ae70
Event: 7.633 Thread 0x00007f8bd7081800 DEOPT UNPACKING pc=0x00000001120b7ea5 sp=0x00007ff7bcf2ad88 mode 2
Event: 7.635 Thread 0x00007f8bd7081800 Uncommon trap: trap_request=0xffffffde fr.pc=0x0000000119c3143c relative=0x000000000000015c
Event: 7.635 Thread 0x00007f8bd7081800 Uncommon trap: reason=class_check action=maybe_recompile pc=0x0000000119c3143c method=java.lang.Character.isIdeographic(I)Z @ 5 c2
Event: 7.635 Thread 0x00007f8bd7081800 DEOPT PACKING pc=0x0000000119c3143c sp=0x00007ff7bcf2ef90
Event: 7.635 Thread 0x00007f8bd7081800 DEOPT UNPACKING pc=0x00000001120b7ea5 sp=0x00007ff7bcf2eec8 mode 2
Event: 7.635 Thread 0x00007f8bd7081800 Uncommon trap: trap_request=0xffffff45 fr.pc=0x0000000119c305c4 relative=0x00000000000000a4
Event: 7.635 Thread 0x00007f8bd7081800 Uncommon trap: reason=unstable_fused_if action=reinterpret pc=0x0000000119c305c4 method=com.sun.javafx.font.CompositeGlyphMapper.getAsciiGlyphCode(I)I @ 10 c2
Event: 7.635 Thread 0x00007f8bd7081800 DEOPT PACKING pc=0x0000000119c305c4 sp=0x00007ff7bcf2f070
Event: 7.635 Thread 0x00007f8bd7081800 DEOPT UNPACKING pc=0x00000001120b7ea5 sp=0x00007ff7bcf2f000 mode 2

Classes redefined (0 events):
No events

Internal exceptions (20 events):
Event: 2.343 Thread 0x00007f8bd7081800 Exception <a 'java/lang/NoSuchMethodError'{0x00000007876eb128}: 'java.lang.Object java.lang.invoke.Invokers$Holder.linkToTargetMethod(java.lang.Object, long, java.lang.Object)'> (0x00000007876eb128) thrown at [./src/hotspot/share/interpreter/linkResolver.cpp, line 773]
Event: 2.350 Thread 0x00007f8bd7081800 Exception <a 'java/lang/NoClassDefFoundError'{0x000000078750fc68}: com/sun/jna/Platform> (0x000000078750fc68) thrown at [./src/hotspot/share/classfile/systemDictionary.cpp, line 219]
Event: 2.531 Thread 0x00007f8bd7081800 Implicit null exception at 0x0000000119b927f5 to 0x0000000119b929c4
Event: 2.681 Thread 0x00007f8bd7081800 Exception <a 'java/io/FileNotFoundException'{0x00000007878ac640}> (0x00000007878ac640) thrown at [./src/hotspot/share/prims/jni.cpp, line 616]
Event: 2.914 Thread 0x00007f8bd7081800 Exception <a 'java/lang/NoSuchMethodError'{0x00000007876e29e8}: 'java.lang.Object java.lang.invoke.Invokers$Holder.linkToTargetMethod(java.lang.Object, int, java.lang.Object)'> (0x00000007876e29e8) thrown at [./src/hotspot/share/interpreter/linkResolver.cpp, line 773]
Event: 2.927 Thread 0x00007f8bd7081800 Exception <a 'java/lang/NoSuchMethodError'{0x000000078754edd8}: 'java.lang.Object java.lang.invoke.DirectMethodHandle$Holder.invokeInterface(java.lang.Object, java.lang.Object, java.lang.Object)'> (0x000000078754edd8) thrown at [./src/hotspot/share/interpreter/linkResolver.cpp, line 773]
Event: 2.927 Thread 0x00007f8bd7081800 Exception <a 'java/lang/IncompatibleClassChangeError'{0x0000000787551f90}: Found class java.lang.Object, but interface was expected> (0x0000000787551f90) thrown at [./src/hotspot/share/interpreter/linkResolver.cpp, line 839]
Event: 3.003 Thread 0x00007f8bd7081800 Exception <a 'java/lang/NoSuchMethodError'{0x00000007873e7160}: 'void java.lang.invoke.DirectMethodHandle$Holder.invokeSpecialIFC(java.lang.Object, java.lang.Object, java.lang.Object, java.lang.Object)'> (0x00000007873e7160) thrown at [./src/hotspot/share/interpreter/linkResolver.cpp, line 773]
Event: 3.282 Thread 0x00007f8bd7081800 Exception <a 'java/lang/NoSuchMethodError'{0x0000000786441540}: 'java.lang.Object java.lang.invoke.Invokers$Holder.linkToTargetMethod(java.lang.Object, int, int, java.lang.Object)'> (0x0000000786441540) thrown at [./src/hotspot/share/interpreter/linkResolver.cpp, line 773]
Event: 3.418 Thread 0x00007f8bd813b000 Exception <a 'java/lang/NoSuchMethodError'{0x00000007863c6940}: 'int java.lang.invoke.DirectMethodHandle$Holder.invokeStaticInit(java.lang.Object, java.lang.Object)'> (0x00000007863c6940) thrown at [./src/hotspot/share/interpreter/linkResolver.cpp, line 773]
Event: 3.955 Thread 0x00007f8bd7081800 Exception <a 'java/lang/NoSuchMethodError'{0x0000000785f84d48}: 'java.lang.Object java.lang.invoke.DirectMethodHandle$Holder.invokeStatic(java.lang.Object, java.lang.Object, long, int, int, int)'> (0x0000000785f84d48) thrown at [./src/hotspot/share/interpreter/linkResolver.cpp, line 773]
Event: 3.957 Thread 0x00007f8bd7081800 Exception <a 'java/lang/NoSuchMethodError'{0x0000000785f98b20}: 'java.lang.Object java.lang.invoke.DirectMethodHandle$Holder.invokeStatic(java.lang.Object, java.lang.Object, int, java.lang.Object, long, int, int, int, int)'> (0x0000000785f98b20) thrown at [./src/hotspot/share/interpreter/linkResolver.cpp, line 773]
Event: 4.330 Thread 0x00007f8bd7081800 Exception <a 'java/lang/NoSuchMethodError'{0x0000000785e35638}: 'java.lang.Object java.lang.invoke.DirectMethodHandle$Holder.invokeStatic(java.lang.Object, java.lang.Object, int, int, int, int, int, java.lang.Object)'> (0x0000000785e35638) thrown at [./src/hotspot/share/interpreter/linkResolver.cpp, line 773]
Event: 4.331 Thread 0x00007f8bd7081800 Exception <a 'java/lang/NoSuchMethodError'{0x0000000785e45ed0}: 'java.lang.Object java.lang.invoke.DirectMethodHandle$Holder.invokeStatic(java.lang.Object, java.lang.Object, java.lang.Object, int, int, int, int, int)'> (0x0000000785e45ed0) thrown at [./src/hotspot/share/interpreter/linkResolver.cpp, line 773]
Event: 4.332 Thread 0x00007f8bd7081800 Exception <a 'java/lang/NoSuchMethodError'{0x0000000785e4c740}: 'java.lang.Object java.lang.invoke.Invokers$Holder.linkToTargetMethod(java.lang.Object, java.lang.Object, int, int, int, int, int, java.lang.Object)'> (0x0000000785e4c740) thrown at [./src/hotspot/share/interpreter/linkResolver.cpp, line 773]
Event: 4.334 Thread 0x00007f8bd7081800 Exception <a 'java/lang/NoSuchMethodError'{0x0000000785e65a70}: 'long java.lang.invoke.DirectMethodHandle$Holder.invokeStaticInit(java.lang.Object, java.lang.Object, java.lang.Object)'> (0x0000000785e65a70) thrown at [./src/hotspot/share/interpreter/linkResolver.cpp, line 773]
Event: 4.335 Thread 0x00007f8bd7081800 Exception <a 'java/lang/NoSuchMethodError'{0x0000000785e78768}: 'java.lang.Object java.lang.invoke.DirectMethodHandle$Holder.invokeSpecial(java.lang.Object, java.lang.Object, long)'> (0x0000000785e78768) thrown at [./src/hotspot/share/interpreter/linkResolver.cpp, line 773]
Event: 4.649 Thread 0x00007f8bd7081800 Implicit null exception at 0x0000000119c355ef to 0x0000000119c35d78
Event: 4.829 Thread 0x00007f8bd813b000 Exception <a 'java/lang/NoSuchMethodError'{0x0000000787acefb8}: 'java.lang.Object java.lang.invoke.DirectMethodHandle$Holder.invokeStaticInit(java.lang.Object, int)'> (0x0000000787acefb8) thrown at [./src/hotspot/share/interpreter/linkResolver.cpp, line 773]
Event: 7.595 Thread 0x00007f8bd9396800 Implicit null exception at 0x0000000119c9cc75 to 0x0000000119c9cd4c

Events (20 events):
Event: 6.402 loading class org/jgrapht/Graphs
Event: 6.402 loading class org/jgrapht/Graphs done
Event: 6.403 loading class org/jgrapht/graph/specifics/DirectedEdgeContainer
Event: 6.403 loading class org/jgrapht/graph/specifics/DirectedEdgeContainer done
Event: 6.404 loading class org/jgrapht/util/ArrayUnenforcedSet
Event: 6.404 loading class org/jgrapht/util/ArrayUnenforcedSet done
Event: 6.407 loading class it/polito/tdp/PremierLeague/model/Action
Event: 6.407 loading class it/polito/tdp/PremierLeague/model/Action done
Event: 6.413 loading class it/polito/tdp/PremierLeague/model/Adiacenza
Event: 6.413 loading class it/polito/tdp/PremierLeague/model/Adiacenza done
Event: 6.415 loading class org/jgrapht/alg/util/Pair
Event: 6.415 loading class org/jgrapht/alg/util/Pair done
Event: 6.421 Executing VM operation: RevokeBias
Event: 6.421 Executing VM operation: RevokeBias done
Event: 6.422 Executing VM operation: RevokeBias
Event: 6.422 Executing VM operation: RevokeBias done
Event: 7.595 Executing VM operation: RevokeBias
Event: 7.595 Executing VM operation: RevokeBias done
Event: 7.595 Protecting memory [0x00007000040f9000,0x00007000040fd000] with protection modes 3
Event: 7.595 Thread 0x00007f8bd9396800 Thread exited: 0x00007f8bd9396800


Dynamic libraries:
0x00000001030ea000 	/Library/Java/JavaVirtualMachines/temurin-11.jdk/Contents/Home/lib/jli/libjli.dylib
0x00007ff828342000 	/System/Library/Frameworks/Cocoa.framework/Versions/A/Cocoa
0x00007ff8141b3000 	/System/Library/Frameworks/AppKit.framework/Versions/C/AppKit
0x00007ff8176af000 	/System/Library/Frameworks/CoreData.framework/Versions/A/CoreData
0x00007ff8125ca000 	/System/Library/Frameworks/Foundation.framework/Versions/C/Foundation
0x00007ff81c477000 	/usr/lib/libSystem.B.dylib
0x00007ff815045000 	/System/Library/PrivateFrameworks/UIFoundation.framework/Versions/A/UIFoundation
0x00007ff8222ee000 	/System/Library/PrivateFrameworks/RemoteViewServices.framework/Versions/A/RemoteViewServices
0x00007ff81a6d9000 	/System/Library/PrivateFrameworks/XCTTargetBootstrap.framework/Versions/A/XCTTargetBootstrap
0x00007ff81e287000 	/System/Library/PrivateFrameworks/InternationalSupport.framework/Versions/A/InternationalSupport
0x00007ff81e311000 	/System/Library/PrivateFrameworks/UserActivity.framework/Versions/A/UserActivity
0x00007ff81d667000 	/usr/lib/libspindump.dylib
0x00007ff8152d3000 	/System/Library/Frameworks/UniformTypeIdentifiers.framework/Versions/A/UniformTypeIdentifiers
0x00007ff818e12000 	/usr/lib/libapp_launch_measurement.dylib
0x00007ff81807b000 	/System/Library/PrivateFrameworks/CoreAnalytics.framework/Versions/A/CoreAnalytics
0x00007ff818e15000 	/System/Library/PrivateFrameworks/CoreAutoLayout.framework/Versions/A/CoreAutoLayout
0x00007ff81a035000 	/System/Library/Frameworks/Metal.framework/Versions/A/Metal
0x00007ff81ad4f000 	/usr/lib/liblangid.dylib
0x00007ff81a6dd000 	/System/Library/PrivateFrameworks/CoreSVG.framework/Versions/A/CoreSVG
0x00007ff81669a000 	/System/Library/PrivateFrameworks/SkyLight.framework/Versions/A/SkyLight
0x00007ff816a30000 	/System/Library/Frameworks/CoreGraphics.framework/Versions/A/CoreGraphics
0x00007ff82295d000 	/System/Library/Frameworks/Accelerate.framework/Versions/A/Accelerate
0x00007ff81d0e2000 	/System/Library/PrivateFrameworks/IconServices.framework/Versions/A/IconServices
0x00007ff81a01a000 	/System/Library/Frameworks/IOSurface.framework/Versions/A/IOSurface
0x00007ff8180a9000 	/usr/lib/libDiagnosticMessagesClient.dylib
0x00007ff81c397000 	/usr/lib/libz.1.dylib
0x00007ff825fce000 	/System/Library/Frameworks/ApplicationServices.framework/Versions/A/ApplicationServices
0x00007ff81a6c5000 	/System/Library/PrivateFrameworks/DFRFoundation.framework/Versions/A/DFRFoundation
0x00007ff813aa4000 	/usr/lib/libicucore.A.dylib
0x00007ff81efac000 	/System/Library/Frameworks/AudioToolbox.framework/Versions/A/AudioToolbox
0x00007ff81e293000 	/System/Library/PrivateFrameworks/DataDetectorsCore.framework/Versions/A/DataDetectorsCore
0x00007ff919beb000 	/System/Library/PrivateFrameworks/TextInput.framework/Versions/A/TextInput
0x00007ff81661e000 	/usr/lib/libMobileGestalt.dylib
0x00007ff81a3cd000 	/System/Library/Frameworks/Carbon.framework/Versions/A/Frameworks/HIToolbox.framework/Versions/A/HIToolbox
0x00007ff81883f000 	/System/Library/Frameworks/QuartzCore.framework/Versions/A/QuartzCore
0x00007ff813744000 	/System/Library/Frameworks/Security.framework/Versions/A/Security
0x00007ff822326000 	/System/Library/Frameworks/Carbon.framework/Versions/A/Frameworks/SpeechRecognition.framework/Versions/A/SpeechRecognition
0x00007ff818b72000 	/System/Library/PrivateFrameworks/CoreUI.framework/Versions/A/CoreUI
0x00007ff81301c000 	/System/Library/Frameworks/CoreAudio.framework/Versions/A/CoreAudio
0x00007ff818197000 	/System/Library/Frameworks/DiskArbitration.framework/Versions/A/DiskArbitration
0x00007ff81da4e000 	/System/Library/PrivateFrameworks/MultitouchSupport.framework/Versions/A/MultitouchSupport
0x00007ff81661d000 	/usr/lib/libenergytrace.dylib
0x00007ff81409f000 	/System/Library/Frameworks/IOKit.framework/Versions/A/IOKit
0x00007ff822712000 	/System/Library/Frameworks/CoreServices.framework/Versions/A/CoreServices
0x00007ff818dac000 	/System/Library/PrivateFrameworks/PerformanceAnalysis.framework/Versions/A/PerformanceAnalysis
0x00007ffa293bb000 	/System/Library/Frameworks/OpenGL.framework/Versions/A/OpenGL
0x00007ff81b9c4000 	/System/Library/PrivateFrameworks/MobileKeyBag.framework/Versions/A/MobileKeyBag
0x00007ff81158b000 	/usr/lib/libobjc.A.dylib
0x00007ff8170fc000 	/System/Library/Frameworks/ColorSync.framework/Versions/A/ColorSync
0x00007ff811744000 	/System/Library/Frameworks/CoreFoundation.framework/Versions/A/CoreFoundation
0x00007ff81a956000 	/System/Library/Frameworks/CoreImage.framework/Versions/A/CoreImage
0x00007ff812e32000 	/System/Library/Frameworks/CoreText.framework/Versions/A/CoreText
0x00007ff81a70c000 	/System/Library/Frameworks/ImageIO.framework/Versions/A/ImageIO
0x00007ff81c47d000 	/System/Library/PrivateFrameworks/SoftLinking.framework/Versions/A/SoftLinking
0x00007ff818e5d000 	/usr/lib/libxml2.2.dylib
0x00007ff811651000 	/usr/lib/libc++.1.dylib
0x00007ff81c701000 	/usr/lib/libcompression.dylib
0x00007ff81e1bd000 	/System/Library/PrivateFrameworks/TextureIO.framework/Versions/A/TextureIO
0x00007ff81cdf4000 	/usr/lib/libate.dylib
0x00007ff81c472000 	/usr/lib/system/libcache.dylib
0x00007ff81c42e000 	/usr/lib/system/libcommonCrypto.dylib
0x00007ff81c457000 	/usr/lib/system/libcompiler_rt.dylib
0x00007ff81c44d000 	/usr/lib/system/libcopyfile.dylib
0x00007ff811485000 	/usr/lib/system/libcorecrypto.dylib
0x00007ff811544000 	/usr/lib/system/libdispatch.dylib
0x00007ff811703000 	/usr/lib/system/libdyld.dylib
0x00007ff81c469000 	/usr/lib/system/libkeymgr.dylib
0x00007ff81c40c000 	/usr/lib/system/libmacho.dylib
0x00007ff81ba98000 	/usr/lib/system/libquarantine.dylib
0x00007ff81c467000 	/usr/lib/system/libremovefile.dylib
0x00007ff81666a000 	/usr/lib/system/libsystem_asl.dylib
0x00007ff811433000 	/usr/lib/system/libsystem_blocks.dylib
0x00007ff8115c8000 	/usr/lib/system/libsystem_c.dylib
0x00007ff81c45f000 	/usr/lib/system/libsystem_collections.dylib
0x00007ff81ad40000 	/usr/lib/system/libsystem_configuration.dylib
0x00007ff819ffd000 	/usr/lib/system/libsystem_containermanager.dylib
0x00007ff81c149000 	/usr/lib/system/libsystem_coreservices.dylib
0x00007ff813d2d000 	/usr/lib/system/libsystem_darwin.dylib
0x00007ff81c46a000 	/usr/lib/system/libsystem_dnssd.dylib
0x00007ff8115c5000 	/usr/lib/system/libsystem_featureflags.dylib
0x00007ff811719000 	/usr/lib/system/libsystem_info.dylib
0x00007ff81c3aa000 	/usr/lib/system/libsystem_m.dylib
0x00007ff811518000 	/usr/lib/system/libsystem_malloc.dylib
0x00007ff816607000 	/usr/lib/system/libsystem_networkextension.dylib
0x00007ff814155000 	/usr/lib/system/libsystem_notify.dylib
0x00007ff8225e7000 	/usr/lib/system/libsystem_product_info_filter.dylib
0x00007ff81ad44000 	/usr/lib/system/libsystem_sandbox.dylib
0x00007ff81c464000 	/usr/lib/system/libsystem_secinit.dylib
0x00007ff8116c0000 	/usr/lib/system/libsystem_kernel.dylib
0x00007ff81170f000 	/usr/lib/system/libsystem_platform.dylib
0x00007ff8116f7000 	/usr/lib/system/libsystem_pthread.dylib
0x00007ff817ec2000 	/usr/lib/system/libsystem_symptoms.dylib
0x00007ff81146c000 	/usr/lib/system/libsystem_trace.dylib
0x00007ff81c43a000 	/usr/lib/system/libunwind.dylib
0x00007ff811435000 	/usr/lib/system/libxpc.dylib
0x00007ff8116aa000 	/usr/lib/libc++abi.dylib
0x00007ff81c445000 	/usr/lib/liboah.dylib
0x00007ff81cbd2000 	/usr/lib/liblzma.5.dylib
0x00007ff8122db000 	/System/Library/Frameworks/SystemConfiguration.framework/Versions/A/SystemConfiguration
0x00007ff81c479000 	/usr/lib/libfakelink.dylib
0x00007ff816170000 	/System/Library/Frameworks/CFNetwork.framework/Versions/A/CFNetwork
0x00007ff81c5b8000 	/usr/lib/libarchive.2.dylib
0x00007ff81ad4b000 	/System/Library/PrivateFrameworks/AppleSystemInfo.framework/Versions/A/AppleSystemInfo
0x00007ff81babf000 	/usr/lib/libbsm.0.dylib
0x00007ff8157a6000 	/usr/lib/libnetwork.dylib
0x00007ff81c412000 	/usr/lib/system/libkxld.dylib
0x00007ff81b6ed000 	/System/Library/PrivateFrameworks/IOMobileFramebuffer.framework/Versions/A/IOMobileFramebuffer
0x00007ffb271e0000 	/usr/lib/libCoreEntitlements.dylib
0x00007ff81c12b000 	/System/Library/PrivateFrameworks/AppleFSCompression.framework/Versions/A/AppleFSCompression
0x00007ff81baa7000 	/usr/lib/libcoretls.dylib
0x00007ff81cbec000 	/usr/lib/libcoretls_cfhelpers.dylib
0x00007ff81c6fc000 	/usr/lib/libpam.2.dylib
0x00007ff817ae4000 	/usr/lib/libsqlite3.dylib
0x00007ff81cc5b000 	/usr/lib/libxar.1.dylib
0x00007ff81c13b000 	/usr/lib/libbz2.1.0.dylib
0x00007ff81c47e000 	/usr/lib/libpcap.A.dylib
0x00007ff817eb9000 	/usr/lib/libdns_services.dylib
0x00007ff81c6cb000 	/usr/lib/libapple_nghttp2.dylib
0x00007ff81c4b5000 	/usr/lib/libiconv.2.dylib
0x00007ff81c40b000 	/usr/lib/libcharset.1.dylib
0x00007ff818de0000 	/System/Library/Frameworks/CoreServices.framework/Versions/A/Frameworks/FSEvents.framework/Versions/A/FSEvents
0x00007ff813d37000 	/System/Library/Frameworks/CoreServices.framework/Versions/A/Frameworks/CarbonCore.framework/Versions/A/CarbonCore
0x00007ff8180fc000 	/System/Library/Frameworks/CoreServices.framework/Versions/A/Frameworks/Metadata.framework/Versions/A/Metadata
0x00007ff81c14e000 	/System/Library/Frameworks/CoreServices.framework/Versions/A/Frameworks/OSServices.framework/Versions/A/OSServices
0x00007ff81c63f000 	/System/Library/Frameworks/CoreServices.framework/Versions/A/Frameworks/SearchKit.framework/Versions/A/SearchKit
0x00007ff817e4b000 	/System/Library/Frameworks/CoreServices.framework/Versions/A/Frameworks/AE.framework/Versions/A/AE
0x00007ff811c47000 	/System/Library/Frameworks/CoreServices.framework/Versions/A/Frameworks/LaunchServices.framework/Versions/A/LaunchServices
0x00007ff81cb83000 	/System/Library/Frameworks/CoreServices.framework/Versions/A/Frameworks/DictionaryServices.framework/Versions/A/DictionaryServices
0x00007ff818ded000 	/System/Library/Frameworks/CoreServices.framework/Versions/A/Frameworks/SharedFileList.framework/Versions/A/SharedFileList
0x00007ff81ba9b000 	/usr/lib/libCheckFix.dylib
0x00007ff816681000 	/System/Library/PrivateFrameworks/TCC.framework/Versions/A/TCC
0x00007ff81ad51000 	/System/Library/PrivateFrameworks/CoreNLP.framework/Versions/A/CoreNLP
0x00007ff8180ac000 	/System/Library/PrivateFrameworks/MetadataUtilities.framework/Versions/A/MetadataUtilities
0x00007ff81238b000 	/usr/lib/libmecabra.dylib
0x00007ff81bacf000 	/usr/lib/libmecab.dylib
0x00007ff812356000 	/usr/lib/libCRFSuite.dylib
0x00007ff81bb2c000 	/usr/lib/libgermantok.dylib
0x00007ff81c6a6000 	/usr/lib/libThaiTokenizer.dylib
0x00007ff81819e000 	/System/Library/Frameworks/Accelerate.framework/Versions/A/Frameworks/vImage.framework/Versions/A/vImage
0x00007ff8226e9000 	/System/Library/Frameworks/Accelerate.framework/Versions/A/Frameworks/vecLib.framework/Versions/A/vecLib
0x00007ff81cc9c000 	/System/Library/Frameworks/Accelerate.framework/Versions/A/Frameworks/vecLib.framework/Versions/A/libvMisc.dylib
0x00007ff81b50b000 	/System/Library/Frameworks/Accelerate.framework/Versions/A/Frameworks/vecLib.framework/Versions/A/libvDSP.dylib
0x00007ff811fbf000 	/System/Library/Frameworks/Accelerate.framework/Versions/A/Frameworks/vecLib.framework/Versions/A/libBLAS.dylib
0x00007ff81c7dd000 	/System/Library/Frameworks/Accelerate.framework/Versions/A/Frameworks/vecLib.framework/Versions/A/libLAPACK.dylib
0x00007ff81bb2f000 	/System/Library/Frameworks/Accelerate.framework/Versions/A/Frameworks/vecLib.framework/Versions/A/libLinearAlgebra.dylib
0x00007ff81c6e4000 	/System/Library/Frameworks/Accelerate.framework/Versions/A/Frameworks/vecLib.framework/Versions/A/libSparseBLAS.dylib
0x00007ff81c7d7000 	/System/Library/Frameworks/Accelerate.framework/Versions/A/Frameworks/vecLib.framework/Versions/A/libQuadrature.dylib
0x00007ff81ae3b000 	/System/Library/Frameworks/Accelerate.framework/Versions/A/Frameworks/vecLib.framework/Versions/A/libBNNS.dylib
0x00007ff81226c000 	/System/Library/Frameworks/Accelerate.framework/Versions/A/Frameworks/vecLib.framework/Versions/A/libSparse.dylib
0x00007ff81ae34000 	/System/Library/PrivateFrameworks/LinguisticData.framework/Versions/A/LinguisticData
0x00007ff812221000 	/System/Library/PrivateFrameworks/Lexicon.framework/Versions/A/Lexicon
0x00007ff81cc95000 	/usr/lib/libChineseTokenizer.dylib
0x00007ff812985000 	/System/Library/PrivateFrameworks/LanguageModeling.framework/Versions/A/LanguageModeling
0x00007ff81c6a8000 	/System/Library/PrivateFrameworks/AppleSauce.framework/Versions/A/AppleSauce
0x00007ff81b6db000 	/System/Library/PrivateFrameworks/CoreEmoji.framework/Versions/A/CoreEmoji
0x00007ff81c5a7000 	/usr/lib/libcmph.dylib
0x00007ff818dc4000 	/System/Library/Frameworks/OpenDirectory.framework/Versions/A/Frameworks/CFOpenDirectory.framework/Versions/A/CFOpenDirectory
0x00007ff818db8000 	/System/Library/Frameworks/OpenDirectory.framework/Versions/A/OpenDirectory
0x00007ff81cbee000 	/System/Library/PrivateFrameworks/APFS.framework/Versions/A/APFS
0x00007ff81b9fc000 	/System/Library/Frameworks/SecurityFoundation.framework/Versions/A/SecurityFoundation
0x00007ff81cc69000 	/usr/lib/libutil.dylib
0x00007ff814062000 	/System/Library/PrivateFrameworks/CoreServicesStore.framework/Versions/A/CoreServicesStore
0x00007ff81cc6d000 	/usr/lib/libxslt.1.dylib
0x00007ff81ba89000 	/System/Library/PrivateFrameworks/BackgroundTaskManagement.framework/Versions/A/BackgroundTaskManagement
0x00007ff81e0dd000 	/System/Library/Frameworks/ImageIO.framework/Versions/A/Resources/libRadiance.dylib
0x00007ff81e0e6000 	/System/Library/Frameworks/ImageIO.framework/Versions/A/Resources/libJPEG.dylib
0x00007ff81e036000 	/System/Library/Frameworks/ImageIO.framework/Versions/A/Resources/libPng.dylib
0x00007ff81e057000 	/System/Library/Frameworks/ImageIO.framework/Versions/A/Resources/libTIFF.dylib
0x00007ff81e146000 	/System/Library/Frameworks/ImageIO.framework/Versions/A/Resources/libGIF.dylib
0x00007ff81d967000 	/System/Library/Frameworks/ImageIO.framework/Versions/A/Resources/libJP2.dylib
0x00007ff81d0a9000 	/usr/lib/libexpat.1.dylib
0x00007ff81d91c000 	/System/Library/PrivateFrameworks/AppleJPEG.framework/Versions/A/AppleJPEG
0x00007ff81a290000 	/System/Library/PrivateFrameworks/FontServices.framework/libFontParser.dylib
0x00007ff817df5000 	/System/Library/PrivateFrameworks/RunningBoardServices.framework/Versions/A/RunningBoardServices
0x00007ff8288be000 	/System/Library/PrivateFrameworks/IOSurfaceAccelerator.framework/Versions/A/IOSurfaceAccelerator
0x00007ff81da4a000 	/System/Library/PrivateFrameworks/WatchdogClient.framework/Versions/A/WatchdogClient
0x00007ff812a74000 	/System/Library/Frameworks/CoreDisplay.framework/Versions/A/CoreDisplay
0x00007ff81a18f000 	/System/Library/Frameworks/CoreMedia.framework/Versions/A/CoreMedia
0x00007ff81a02c000 	/System/Library/PrivateFrameworks/IOAccelerator.framework/Versions/A/IOAccelerator
0x00007ff818f40000 	/System/Library/Frameworks/CoreVideo.framework/Versions/A/CoreVideo
0x00007ff81c6fa000 	/System/Library/Frameworks/MetalPerformanceShaders.framework/Versions/A/MetalPerformanceShaders
0x00007ff81da85000 	/System/Library/Frameworks/VideoToolbox.framework/Versions/A/VideoToolbox
0x00007ff817d3d000 	/System/Library/PrivateFrameworks/BaseBoard.framework/Versions/A/BaseBoard
0x00007ff817aca000 	/System/Library/PrivateFrameworks/ProtocolBuffer.framework/Versions/A/ProtocolBuffer
0x00007ff81e0d6000 	/System/Library/PrivateFrameworks/GPUWrangler.framework/Versions/A/GPUWrangler
0x00007ff81e0b9000 	/System/Library/PrivateFrameworks/IOPresentment.framework/Versions/A/IOPresentment
0x00007ff81e0e0000 	/System/Library/PrivateFrameworks/DSExternalDisplay.framework/Versions/A/DSExternalDisplay
0x00007ffa293af000 	/System/Library/Frameworks/OpenGL.framework/Versions/A/Libraries/libCoreFSCache.dylib
0x00007ffb15450000 	/System/Library/PrivateFrameworks/GPUCompiler.framework/Versions/31001/Libraries/libGPUCompilerUtils.dylib
0x00007ff81e14b000 	/System/Library/PrivateFrameworks/CMCaptureCore.framework/Versions/A/CMCaptureCore
0x00007ff81d655000 	/System/Library/PrivateFrameworks/AppServerSupport.framework/Versions/A/AppServerSupport
0x00007ff81f832000 	/System/Library/PrivateFrameworks/perfdata.framework/Versions/A/perfdata
0x00007ff812ba0000 	/System/Library/PrivateFrameworks/AudioToolboxCore.framework/Versions/A/AudioToolboxCore
0x00007ff81a16c000 	/System/Library/PrivateFrameworks/caulk.framework/Versions/A/caulk
0x00007ff81f156000 	/usr/lib/libAudioStatistics.dylib
0x00007ff916479000 	/System/Library/PrivateFrameworks/SystemPolicy.framework/Versions/A/SystemPolicy
0x00007ff81f3ab000 	/usr/lib/libSMC.dylib
0x00007ff8281f5000 	/System/Library/Frameworks/CoreMIDI.framework/Versions/A/CoreMIDI
0x00007ff81e006000 	/usr/lib/libAudioToolboxUtility.dylib
0x00007ff91288b000 	/System/Library/PrivateFrameworks/OSAServicesClient.framework/Versions/A/OSAServicesClient
0x00007ff81f83f000 	/usr/lib/libperfcheck.dylib
0x00007ff916f0b000 	/usr/lib/libmis.dylib
0x00007ffa2940b000 	/System/Library/Frameworks/OpenGL.framework/Versions/A/Libraries/libGLU.dylib
0x00007ffa293ce000 	/System/Library/Frameworks/OpenGL.framework/Versions/A/Libraries/libGFXShared.dylib
0x00007ffa295dc000 	/System/Library/Frameworks/OpenGL.framework/Versions/A/Libraries/libGL.dylib
0x00007ffa293d7000 	/System/Library/Frameworks/OpenGL.framework/Versions/A/Libraries/libGLImage.dylib
0x00007ffa293cb000 	/System/Library/Frameworks/OpenGL.framework/Versions/A/Libraries/libCVMSPluginSupport.dylib
0x00007ffa293b6000 	/System/Library/Frameworks/OpenGL.framework/Versions/A/Libraries/libCoreVMClient.dylib
0x00007ff81accf000 	/System/Library/Frameworks/MetalPerformanceShaders.framework/Versions/A/Frameworks/MPSCore.framework/Versions/A/MPSCore
0x00007ff81c096000 	/System/Library/Frameworks/MetalPerformanceShaders.framework/Versions/A/Frameworks/MPSImage.framework/Versions/A/MPSImage
0x00007ff81bb45000 	/System/Library/Frameworks/MetalPerformanceShaders.framework/Versions/A/Frameworks/MPSNeuralNetwork.framework/Versions/A/MPSNeuralNetwork
0x00007ff81bfba000 	/System/Library/Frameworks/MetalPerformanceShaders.framework/Versions/A/Frameworks/MPSMatrix.framework/Versions/A/MPSMatrix
0x00007ff81bd76000 	/System/Library/Frameworks/MetalPerformanceShaders.framework/Versions/A/Frameworks/MPSRayIntersector.framework/Versions/A/MPSRayIntersector
0x00007ff81bff3000 	/System/Library/Frameworks/MetalPerformanceShaders.framework/Versions/A/Frameworks/MPSNDArray.framework/Versions/A/MPSNDArray
0x00007ffa2dfd0000 	/System/Library/Frameworks/MetalPerformanceShaders.framework/Versions/A/Frameworks/MPSFunctions.framework/Versions/A/MPSFunctions
0x00007ff811ea2000 	/System/Library/PrivateFrameworks/MetalTools.framework/Versions/A/MetalTools
0x00007ff81ad49000 	/System/Library/PrivateFrameworks/AggregateDictionary.framework/Versions/A/AggregateDictionary
0x00007ff81ce8b000 	/usr/lib/libIOReport.dylib
0x00007ffa2a9eb000 	/System/Library/Frameworks/OpenCL.framework/Versions/A/OpenCL
0x00007ff81d1ef000 	/System/Library/PrivateFrameworks/FaceCore.framework/Versions/A/FaceCore
0x00007ff81d1e0000 	/System/Library/PrivateFrameworks/GraphVisualizer.framework/Versions/A/GraphVisualizer
0x00007ffb1535b000 	/System/Library/PrivateFrameworks/FontServices.framework/Versions/A/FontServices
0x00007ff81d60c000 	/System/Library/PrivateFrameworks/OTSVG.framework/Versions/A/OTSVG
0x00007ff818b28000 	/System/Library/Frameworks/ApplicationServices.framework/Versions/A/Frameworks/ATS.framework/Versions/A/Resources/libFontRegistry.dylib
0x00007ff81d65d000 	/System/Library/PrivateFrameworks/FontServices.framework/libhvf.dylib
0x00007ffb1535c000 	/System/Library/PrivateFrameworks/FontServices.framework/libXTFontStaticRegistryData.dylib
0x00007ff81d059000 	/System/Library/PrivateFrameworks/AppleVA.framework/Versions/A/AppleVA
0x00007ff81f17a000 	/System/Library/Frameworks/ApplicationServices.framework/Versions/A/Frameworks/ATS.framework/Versions/A/ATS
0x00007ff8171f8000 	/System/Library/Frameworks/ApplicationServices.framework/Versions/A/Frameworks/HIServices.framework/Versions/A/HIServices
0x00007ff81e155000 	/System/Library/Frameworks/ApplicationServices.framework/Versions/A/Frameworks/PrintCore.framework/Versions/A/PrintCore
0x00007ff81f4fe000 	/System/Library/Frameworks/ApplicationServices.framework/Versions/A/Frameworks/QD.framework/Versions/A/QD
0x00007ff81f4f6000 	/System/Library/Frameworks/ApplicationServices.framework/Versions/A/Frameworks/ColorSyncLegacy.framework/Versions/A/ColorSyncLegacy
0x00007ff81f16a000 	/System/Library/Frameworks/ApplicationServices.framework/Versions/A/Frameworks/SpeechSynthesis.framework/Versions/A/SpeechSynthesis
0x00007ff81e116000 	/System/Library/Frameworks/ApplicationServices.framework/Versions/A/Frameworks/ATSUI.framework/Versions/A/ATSUI
0x00007ff81f48b000 	/usr/lib/libcups.2.dylib
0x00007ff81f84e000 	/System/Library/Frameworks/Kerberos.framework/Versions/A/Kerberos
0x00007ff81f85d000 	/System/Library/Frameworks/GSS.framework/Versions/A/GSS
0x00007ff81f1e6000 	/usr/lib/libresolv.9.dylib
0x00007ff81d66c000 	/System/Library/PrivateFrameworks/Heimdal.framework/Versions/A/Heimdal
0x00007ff82634b000 	/System/Library/Frameworks/Kerberos.framework/Versions/A/Libraries/libHeimdalProxy.dylib
0x00007ff817eca000 	/System/Library/Frameworks/Network.framework/Versions/A/Network
0x00007ff81d0c3000 	/usr/lib/libheimdal-asn1.dylib
0x00007ff81f8a9000 	/System/Library/PrivateFrameworks/CommonAuth.framework/Versions/A/CommonAuth
0x00007ff81f0e7000 	/System/Library/PrivateFrameworks/AudioSession.framework/Versions/A/AudioSession
0x00007ff81d153000 	/System/Library/PrivateFrameworks/MediaExperience.framework/Versions/A/MediaExperience
0x00007ff81ef7b000 	/System/Library/PrivateFrameworks/AudioSession.framework/libSessionUtility.dylib
0x00007ff81f50a000 	/System/Library/PrivateFrameworks/AudioResourceArbitration.framework/Versions/A/AudioResourceArbitration
0x00007ff8234fc000 	/System/Library/PrivateFrameworks/PowerLog.framework/Versions/A/PowerLog
0x00007ff81d0cc000 	/System/Library/PrivateFrameworks/IconFoundation.framework/Versions/A/IconFoundation
0x00007ff822316000 	/System/Library/PrivateFrameworks/SpeechRecognitionCore.framework/Versions/A/SpeechRecognitionCore
0x0000000103eb1000 	/Library/Java/JavaVirtualMachines/temurin-11.jdk/Contents/Home/lib/server/libjvm.dylib
0x0000000103119000 	/Library/Java/JavaVirtualMachines/temurin-11.jdk/Contents/Home/lib/libverify.dylib
0x0000000103156000 	/Library/Java/JavaVirtualMachines/temurin-11.jdk/Contents/Home/lib/libjava.dylib
0x000000010312a000 	/Library/Java/JavaVirtualMachines/temurin-11.jdk/Contents/Home/lib/libjimage.dylib
0x0000000103143000 	/Library/Java/JavaVirtualMachines/temurin-11.jdk/Contents/Home/lib/libzip.dylib
0x0000000103bfc000 	/Library/Java/JavaVirtualMachines/temurin-11.jdk/Contents/Home/lib/libnio.dylib
0x0000000103c28000 	/Library/Java/JavaVirtualMachines/temurin-11.jdk/Contents/Home/lib/libnet.dylib
0x0000000103c0f000 	/Users/valentina/.openjfx/cache/11/libprism_es2.dylib
0x00007ff814023000 	/System/Library/PrivateFrameworks/CoreServicesInternal.framework/Versions/A/CoreServicesInternal
0x00007ffa295e7000 	/System/Library/Frameworks/OpenGL.framework/Versions/A/Resources/GLEngine.bundle/GLEngine
0x00007ffa29449000 	/System/Library/Frameworks/OpenGL.framework/Versions/A/Libraries/libGLProgrammability.dylib
0x00007ffa2111b000 	/System/Library/Extensions/AppleIntelBDWGraphicsGLDriver.bundle/Contents/MacOS/AppleIntelBDWGraphicsGLDriver
0x00007ff920def000 	/System/Library/PrivateFrameworks/GPUSupport.framework/Versions/A/Libraries/libGPUSupportMercury.dylib
0x00007ffa29776000 	/System/Library/Frameworks/OpenGL.framework/Versions/A/Resources/GLRendererFloat.bundle/GLRendererFloat
0x0000000111edb000 	/Users/valentina/.openjfx/cache/11/libglass.dylib
0x00007ff823aed000 	/System/Library/Frameworks/FileProvider.framework/Versions/A/FileProvider
0x00007ff817ca9000 	/System/Library/Frameworks/Accounts.framework/Versions/A/Accounts
0x00007ff823c65000 	/System/Library/PrivateFrameworks/GenerationalStorage.framework/Versions/A/GenerationalStorage
0x00007ff824777000 	/System/Library/PrivateFrameworks/CoreSymbolication.framework/Versions/A/CoreSymbolication
0x00007ff8234f1000 	/System/Library/PrivateFrameworks/SymptomDiagnosticReporter.framework/Versions/A/SymptomDiagnosticReporter
0x00007ff8152e7000 	/System/Library/PrivateFrameworks/DesktopServicesPriv.framework/Versions/A/DesktopServicesPriv
0x00007ff814164000 	/usr/lib/libsandbox.1.dylib
0x00007ff818fbf000 	/System/Library/PrivateFrameworks/UserManagement.framework/Versions/A/UserManagement
0x00007ff82473c000 	/System/Library/PrivateFrameworks/DebugSymbols.framework/Versions/A/DebugSymbols
0x00007ff81f4eb000 	/System/Library/PrivateFrameworks/NetAuth.framework/Versions/A/NetAuth
0x00007ff8203da000 	/System/Library/PrivateFrameworks/Sharing.framework/Versions/A/Sharing
0x00007ff818f92000 	/System/Library/PrivateFrameworks/login.framework/Versions/A/Frameworks/loginsupport.framework/Versions/A/loginsupport
0x00007ff82587d000 	/System/Library/PrivateFrameworks/Apple80211.framework/Versions/A/Apple80211
0x00007ff81c17b000 	/System/Library/PrivateFrameworks/AuthKit.framework/Versions/A/AuthKit
0x00007ff81b7d1000 	/System/Library/PrivateFrameworks/CoreUtils.framework/Versions/A/CoreUtils
0x00007ff81b6f8000 	/System/Library/Frameworks/CoreWLAN.framework/Versions/A/CoreWLAN
0x00007ff820535000 	/System/Library/Frameworks/IOBluetooth.framework/Versions/A/IOBluetooth
0x00007ff8258e5000 	/System/Library/PrivateFrameworks/CoreWiFi.framework/Versions/A/CoreWiFi
0x00007ff824311000 	/System/Library/PrivateFrameworks/FrontBoardServices.framework/Versions/A/FrontBoardServices
0x00007ff8243a3000 	/System/Library/PrivateFrameworks/BoardServices.framework/Versions/A/BoardServices
0x00007ff81b9eb000 	/System/Library/PrivateFrameworks/AssertionServices.framework/Versions/A/AssertionServices
0x00007ff825a69000 	/System/Library/PrivateFrameworks/BackBoardServices.framework/Versions/A/BackBoardServices
0x00007ff81f938000 	/System/Library/PrivateFrameworks/CorePhoneNumbers.framework/Versions/A/CorePhoneNumbers
0x00007ff82360e000 	/System/Library/PrivateFrameworks/DiskManagement.framework/Versions/A/DiskManagement
0x00007ff823522000 	/System/Library/PrivateFrameworks/AppleIDAuthSupport.framework/Versions/A/AppleIDAuthSupport
0x00007ffa2ff89000 	/System/Library/PrivateFrameworks/AAAFoundation.framework/Versions/A/AAAFoundation
0x00007ff81f919000 	/System/Library/PrivateFrameworks/KeychainCircle.framework/Versions/A/KeychainCircle
0x00007ff8235da000 	/System/Library/PrivateFrameworks/MediaKit.framework/Versions/A/MediaKit
0x00007ff82352e000 	/System/Library/Frameworks/DiscRecording.framework/Versions/A/DiscRecording
0x00007ff81cfd1000 	/usr/lib/libCoreStorage.dylib
0x00007ff825d58000 	/usr/lib/libcsfde.dylib
0x00007ff820602000 	/System/Library/PrivateFrameworks/ProtectedCloudStorage.framework/Versions/A/ProtectedCloudStorage
0x00007ff825d54000 	/System/Library/PrivateFrameworks/EFILogin.framework/Versions/A/EFILogin
0x00007ff823c8b000 	/System/Library/PrivateFrameworks/OctagonTrust.framework/Versions/A/OctagonTrust
0x00007ffb1467d000 	/System/Library/PrivateFrameworks/CoreUtilsExtras.framework/Versions/A/CoreUtilsExtras
0x00007ff823464000 	/System/Library/Frameworks/CoreBluetooth.framework/Versions/A/CoreBluetooth
0x00007ff8263d0000 	/System/Library/Frameworks/AudioUnit.framework/Versions/A/AudioUnit
0x00007ff81cfc9000 	/usr/lib/libMatch.1.dylib
0x00007ff91b36f000 	/System/Library/Frameworks/Accelerate.framework/Versions/A/Frameworks/vImage.framework/Versions/A/Libraries/libCGInterfaces.dylib
0x0000000126a7a000 	/usr/lib/libobjc-trampolines.dylib
0x00007ff818cb8000 	/System/Library/PrivateFrameworks/ViewBridge.framework/Versions/A/ViewBridge
0x0000000128ce7000 	/Users/valentina/.openjfx/cache/11/libjavafx_font.dylib
0x00000001290f1000 	/Library/Java/JavaVirtualMachines/temurin-11.jdk/Contents/Home/lib/libextnet.dylib
0x00007ff81d726000 	/System/Library/PrivateFrameworks/login.framework/Versions/A/login
0x00007ffb272f2000 	/usr/lib/libRosetta.dylib


VM Arguments:
jvm_args: -Dfile.encoding=UTF-8 
java_command: it.polito.tdp.PremierLeague.Main
java_class_path (initial): /Users/valentina/git/2021-02-24/target/classes:/Users/valentina/.m2/repository/org/openjfx/javafx-controls/11/javafx-controls-11.jar:/Users/valentina/.m2/repository/org/openjfx/javafx-controls/11/javafx-controls-11-mac.jar:/Users/valentina/.m2/repository/org/openjfx/javafx-graphics/11/javafx-graphics-11.jar:/Users/valentina/.m2/repository/org/openjfx/javafx-graphics/11/javafx-graphics-11-mac.jar:/Users/valentina/.m2/repository/org/openjfx/javafx-base/11/javafx-base-11.jar:/Users/valentina/.m2/repository/org/openjfx/javafx-base/11/javafx-base-11-mac.jar:/Users/valentina/.m2/repository/org/openjfx/javafx-fxml/11/javafx-fxml-11.jar:/Users/valentina/.m2/repository/org/openjfx/javafx-fxml/11/javafx-fxml-11-mac.jar:/Users/valentina/.m2/repository/com/zaxxer/HikariCP/3.4.2/HikariCP-3.4.2.jar:/Users/valentina/.m2/repository/org/jgrapht/jgrapht-core/1.4.0/jgrapht-core-1.4.0.jar:/Users/valentina/.m2/repository/org/jheaps/jheaps/0.11/jheaps-0.11.jar:/Users/valentina/.m2/repository/org/mariadb/jdbc/mariadb-java-client/2.5.4/mariadb-java-client-2.5.4.jar:/Users/valentina/.m2/repository/org/slf4j/slf4j-api/1.7.30/slf4j-api-1.7.30.jar:/Users/valentina/.m2/repository/org/slf4j/slf4j-log4j12/1.7.5/slf4j-log4j12-1.7.5.jar:/Users/valentina/.m2/repository/log4j/log4j/1.2.17/log4j-1.2.17.jar
Launcher Type: SUN_STANDARD

[Global flags]
     intx CICompilerCount                          = 3                                         {product} {ergonomic}
     uint ConcGCThreads                            = 1                                         {product} {ergonomic}
     uint G1ConcRefinementThreads                  = 4                                         {product} {ergonomic}
   size_t G1HeapRegionSize                         = 1048576                                   {product} {ergonomic}
    uintx GCDrainStackTargetSize                   = 64                                        {product} {ergonomic}
   size_t InitialHeapSize                          = 134217728                                 {product} {ergonomic}
   size_t MarkStackSize                            = 4194304                                   {product} {ergonomic}
   size_t MaxHeapSize                              = 2147483648                                {product} {ergonomic}
   size_t MaxNewSize                               = 1287651328                                {product} {ergonomic}
   size_t MinHeapDeltaBytes                        = 1048576                                   {product} {ergonomic}
    uintx NonNMethodCodeHeapSize                   = 5830732                                {pd product} {ergonomic}
    uintx NonProfiledCodeHeapSize                  = 122913754                              {pd product} {ergonomic}
    uintx ProfiledCodeHeapSize                     = 122913754                              {pd product} {ergonomic}
    uintx ReservedCodeCacheSize                    = 251658240                              {pd product} {ergonomic}
     bool SegmentedCodeCache                       = true                                      {product} {ergonomic}
     bool UseCompressedClassPointers               = true                                 {lp64_product} {ergonomic}
     bool UseCompressedOops                        = true                                 {lp64_product} {ergonomic}
     bool UseG1GC                                  = true                                      {product} {ergonomic}

Logging:
Log output configuration:
 #0: stdout all=warning uptime,level,tags
 #1: stderr all=off uptime,level,tags

Environment Variables:
PATH=/usr/bin:/bin:/usr/sbin:/sbin
SHELL=/bin/bash

Signal Handlers:
SIGSEGV: [libjvm.dylib+0x7c69d4], sa_mask[0]=11111111011111110111111111111111, sa_flags=SA_ONSTACK|SA_RESTART|SA_SIGINFO
SIGBUS: [libjvm.dylib+0x7c69d4], sa_mask[0]=11111111011111110111111111111111, sa_flags=SA_RESTART|SA_SIGINFO
SIGFPE: [libjvm.dylib+0x7c69d4], sa_mask[0]=11111111011111110111111111111111, sa_flags=SA_RESTART|SA_SIGINFO
SIGPIPE: [libjvm.dylib+0x62b2ae], sa_mask[0]=11111111011111110111111111111111, sa_flags=SA_RESTART|SA_SIGINFO
SIGXFSZ: [libjvm.dylib+0x62b2ae], sa_mask[0]=11111111011111110111111111111111, sa_flags=SA_RESTART|SA_SIGINFO
SIGILL: [libjvm.dylib+0x7c69d4], sa_mask[0]=11111111011111110111111111111111, sa_flags=SA_RESTART|SA_SIGINFO
SIGUSR2: [libjvm.dylib+0x62b895], sa_mask[0]=00100000000000000000000000000000, sa_flags=SA_RESTART|SA_SIGINFO
SIGHUP: [libjvm.dylib+0x62a477], sa_mask[0]=11111111011111110111111111111111, sa_flags=SA_RESTART|SA_SIGINFO
SIGINT: [libjvm.dylib+0x62a477], sa_mask[0]=11111111011111110111111111111111, sa_flags=SA_RESTART|SA_SIGINFO
SIGTERM: [libjvm.dylib+0x62a477], sa_mask[0]=11111111011111110111111111111111, sa_flags=SA_RESTART|SA_SIGINFO
SIGQUIT: [libjvm.dylib+0x62a477], sa_mask[0]=11111111011111110111111111111111, sa_flags=SA_RESTART|SA_SIGINFO


---------------  S Y S T E M  ---------------

OS:uname:Darwin 21.3.0 Darwin Kernel Version 21.3.0: Wed Jan  5 21:37:58 PST 2022; root:xnu-8019.80.24~20/RELEASE_X86_64 x86_64
OS uptime: 2 days 1:51 hours
rlimit (soft/hard): STACK 8192k/65532k , CORE 0k/infinity , NPROC 1392/2088 , NOFILE 10240/infinity , AS infinity/infinity , CPU infinity/infinity , DATA infinity/infinity , FSIZE infinity/infinity , MEMLOCK infinity/infinity , RSS infinity/infinity
load average:3.21 3.15 2.70

CPU:total 4 (initial active 4) (2 cores per cpu, 2 threads per core) family 6 model 61 stepping 4 microcode 0x2f, cmov, cx8, fxsr, mmx, sse, sse2, sse3, ssse3, sse4.1, sse4.2, popcnt, avx, avx2, aes, clmul, erms, 3dnowpref, lzcnt, ht, tsc, tscinvbit, bmi1, bmi2, adx, fma

Memory: 4k page, physical 8388608k(72404k free), swap 3145728k(1070848k free)

vm_info: OpenJDK 64-Bit Server VM (11.0.14.1+1) for bsd-amd64 JRE (11.0.14.1+1), built on Feb  8 2022 17:43:13 by "jenkins" with clang 4.2.1 Compatible Apple LLVM 10.0.1 (clang-1001.0.46.4)

END.
